<?xml version="1.0" encoding="UTF-8"?>
<!-- Generated by org.testng.reporters.JUnitXMLReporter -->
<testsuite hostname="LAPTOP-59L689B8" ignored="0" name="Test-Runner-2" tests="1" failures="0" timestamp="2021-02-02T20:38:47 IST" time="0.076" errors="0">
  <testcase name="@BeforeClass configBCParallel" time="-1.612278527228E9" classname="com.crm.autodesk.genericlib.BaseClass">
    <failure type="org.testng.TestNGException" message="
Parameter &amp;apos;browser&amp;apos; is required by BeforeClass on method configBCParallel but has not been marked @Optional or defined
in D:\seleniumBySandeep\Assignment\Distributed_parallel_testng.xml">
      <![CDATA[org.testng.TestNGException: 
Parameter 'browser' is required by BeforeClass on method configBCParallel but has not been marked @Optional or defined
in D:\seleniumBySandeep\Assignment\Distributed_parallel_testng.xml
at java.util.ArrayList.forEach(ArrayList.java:1259)
at java.util.concurrent.FutureTask.run(FutureTask.java:266)
at java.util.concurrent.ThreadPoolExecutor.runWorker(ThreadPoolExecutor.java:1149)
at java.util.concurrent.ThreadPoolExecutor$Worker.run(ThreadPoolExecutor.java:624)
at java.lang.Thread.run(Thread.java:748)
... Removed 13 stack frames]]>
    </failure>
  </testcase> <!-- @BeforeClass configBCParallel -->
  <testcase name="@BeforeMethod configBM" time="-1.612278527262E9" classname="com.crm.autodesk.genericlib.BaseClass">
    <skipped/>
  </testcase> <!-- @BeforeMethod configBM -->
  <testcase name="@AfterMethod configAM" time="-1.612278527273E9" classname="com.crm.autodesk.genericlib.BaseClass">
    <skipped/>
  </testcase> <!-- @AfterMethod configAM -->
  <testcase name="@AfterClass configAC" time="-1.612278527277E9" classname="com.crm.autodesk.genericlib.BaseClass">
    <skipped/>
  </testcase> <!-- @AfterClass configAC -->
  <testcase name="createCustomFilter" time="0.0" classname="com.vtiger.productsModule.CustomFilterTest">
    <skipped/>
  </testcase> <!-- createCustomFilter -->
</testsuite> <!-- Test-Runner-2 -->
