<?xml version="1.0" encoding="UTF-8"?>
<!-- Generated by org.testng.reporters.JUnitXMLReporter -->
<testsuite hostname="LAPTOP-59L689B8" ignored="0" name="Test-Runner-1" tests="5" failures="0" timestamp="2021-02-02T20:38:47 IST" time="0.102" errors="0">
  <testcase name="@BeforeClass configBCParallel" time="-1.612278527228E9" classname="com.crm.autodesk.genericlib.BaseClass">
    <failure type="org.testng.TestNGException" message="
Parameter &amp;apos;browser&amp;apos; is required by BeforeClass on method configBCParallel but has not been marked @Optional or defined
in D:\seleniumBySandeep\Assignment\Distributed_parallel_testng.xml">
      <![CDATA[org.testng.TestNGException: 
Parameter 'browser' is required by BeforeClass on method configBCParallel but has not been marked @Optional or defined
in D:\seleniumBySandeep\Assignment\Distributed_parallel_testng.xml
at java.util.ArrayList.forEach(ArrayList.java:1259)
at java.util.concurrent.FutureTask.run(FutureTask.java:266)
at java.util.concurrent.ThreadPoolExecutor.runWorker(ThreadPoolExecutor.java:1149)
at java.util.concurrent.ThreadPoolExecutor$Worker.run(ThreadPoolExecutor.java:624)
at java.lang.Thread.run(Thread.java:748)
... Removed 13 stack frames]]>
    </failure>
  </testcase> <!-- @BeforeClass configBCParallel -->
  <testcase name="@BeforeClass configBCParallel" time="-1.612278527228E9" classname="com.crm.autodesk.genericlib.BaseClass">
    <failure type="org.testng.TestNGException" message="
Parameter &amp;apos;browser&amp;apos; is required by BeforeClass on method configBCParallel but has not been marked @Optional or defined
in D:\seleniumBySandeep\Assignment\Distributed_parallel_testng.xml">
      <![CDATA[org.testng.TestNGException: 
Parameter 'browser' is required by BeforeClass on method configBCParallel but has not been marked @Optional or defined
in D:\seleniumBySandeep\Assignment\Distributed_parallel_testng.xml
at java.util.ArrayList.forEach(ArrayList.java:1259)
at java.util.concurrent.FutureTask.run(FutureTask.java:266)
at java.util.concurrent.ThreadPoolExecutor.runWorker(ThreadPoolExecutor.java:1149)
at java.util.concurrent.ThreadPoolExecutor$Worker.run(ThreadPoolExecutor.java:624)
at java.lang.Thread.run(Thread.java:748)
... Removed 13 stack frames]]>
    </failure>
  </testcase> <!-- @BeforeClass configBCParallel -->
  <testcase name="@BeforeMethod configBM" time="-1.612278527262E9" classname="com.crm.autodesk.genericlib.BaseClass">
    <skipped/>
  </testcase> <!-- @BeforeMethod configBM -->
  <testcase name="@BeforeMethod configBM" time="-1.612278527262E9" classname="com.crm.autodesk.genericlib.BaseClass">
    <skipped/>
  </testcase> <!-- @BeforeMethod configBM -->
  <testcase name="@AfterMethod configAM" time="-1.612278527272E9" classname="com.crm.autodesk.genericlib.BaseClass">
    <skipped/>
  </testcase> <!-- @AfterMethod configAM -->
  <testcase name="@AfterMethod configAM" time="-1.612278527273E9" classname="com.crm.autodesk.genericlib.BaseClass">
    <skipped/>
  </testcase> <!-- @AfterMethod configAM -->
  <testcase name="@BeforeMethod configBM" time="-1.612278527275E9" classname="com.crm.autodesk.genericlib.BaseClass">
    <skipped/>
  </testcase> <!-- @BeforeMethod configBM -->
  <testcase name="@AfterClass configAC" time="-1.612278527277E9" classname="com.crm.autodesk.genericlib.BaseClass">
    <skipped/>
  </testcase> <!-- @AfterClass configAC -->
  <testcase name="@AfterMethod configAM" time="-1.612278527281E9" classname="com.crm.autodesk.genericlib.BaseClass">
    <skipped/>
  </testcase> <!-- @AfterMethod configAM -->
  <testcase name="@BeforeMethod configBM" time="-1.612278527283E9" classname="com.crm.autodesk.genericlib.BaseClass">
    <skipped/>
  </testcase> <!-- @BeforeMethod configBM -->
  <testcase name="@AfterMethod configAM" time="-1.61227852729E9" classname="com.crm.autodesk.genericlib.BaseClass">
    <skipped/>
  </testcase> <!-- @AfterMethod configAM -->
  <testcase name="@BeforeMethod configBM" time="-1.612278527291E9" classname="com.crm.autodesk.genericlib.BaseClass">
    <skipped/>
  </testcase> <!-- @BeforeMethod configBM -->
  <testcase name="@AfterMethod configAM" time="-1.612278527298E9" classname="com.crm.autodesk.genericlib.BaseClass">
    <skipped/>
  </testcase> <!-- @AfterMethod configAM -->
  <testcase name="@BeforeMethod configBM" time="-1.6122785273E9" classname="com.crm.autodesk.genericlib.BaseClass">
    <skipped/>
  </testcase> <!-- @BeforeMethod configBM -->
  <testcase name="@AfterMethod configAM" time="-1.612278527306E9" classname="com.crm.autodesk.genericlib.BaseClass">
    <skipped/>
  </testcase> <!-- @AfterMethod configAM -->
  <testcase name="@AfterClass configAC" time="-1.612278527308E9" classname="com.crm.autodesk.genericlib.BaseClass">
    <skipped/>
  </testcase> <!-- @AfterClass configAC -->
  <testcase name="createProductTest" time="0.0" classname="com.vtiger.productsModule.ProductTest">
    <skipped/>
  </testcase> <!-- createProductTest -->
  <testcase name="toEditDesc" time="0.0" classname="com.vtiger.productsModule.ProductTest">
    <skipped/>
  </testcase> <!-- toEditDesc -->
  <testcase name="toEditPrice" time="0.0" classname="com.vtiger.productsModule.ProductTest">
    <skipped/>
  </testcase> <!-- toEditPrice -->
  <testcase name="toEditStock" time="0.0" classname="com.vtiger.productsModule.ProductTest">
    <skipped/>
  </testcase> <!-- toEditStock -->
  <testcase name="toUploadImg" time="0.0" classname="com.vtiger.productsModule.ProductTest">
    <skipped/>
  </testcase> <!-- toUploadImg -->
</testsuite> <!-- Test-Runner-1 -->
